
ROM used:   1456/8192 (18%)
            1456/8192 (18%) including unused fragments

            1.3 Average locations per line
            14.0 Average locations per statement

RAM used:   19/368 (5%) at main() level
            41/368 (11%) worst case

Stack used: 0 worst case (0 in main + 0 for interrupts)
Stack size: 8

Lines Stmts  %   Files
----- ----- ---  -----
   58    20  19  ssad.c
  629     0   0  ..\..\..\..\Program Files (x86)\PICC\Devices\16f877.h
  456    84  81  ..\..\..\..\Program Files (x86)\PICC\Drivers\lcd.c
----- -----
 1143   104 Total

Page ROM  %  RAM   Vol Diff  Functions:
---- --- --- ---   --- ----  ----------
0     21   1    1             @delay_ms1
0      8   1    0             @const622
 Inline         3   596  5.9  lcd_read_byte
0      6   0    0    59  4.2  lcd_read_nibble
0     12   1    1   179  3.3  lcd_send_nibble
0     64   4    3   460  4.7  lcd_send_byte
0     51   4    2   667  5.9  lcd_init
0     18   1    4   208  6.3  lcd_gotoxy
0     44   3    1   354  4.7  lcd_putc
0    165  11    4   540  4.1  MAIN
0      6   0    0             @const658
0     77   5    4             @PSTRINGC7_640
0     31   2    2             @ITOF
0    117   8   13             @MULFF
0    204  14   14             @DIVFF
0    323  22   16             @ADDFF
 Inline         5             @FTOSD
0     79   5   13             @DIV3232
0    226  16   13             @PRINTF_L32D_640FPFPF
 Inline         0             @cinit1

Program metrics:
    Functions               8
    Statements              104
    Comments                222
    Volume (V)              4676
    Difficulty (D)          36.3
    Effort to implement (E) 169788
    Time to implement (T)   2 hours, 37 minutes
    Est Delivered Bugs (B)  1
    Cyclomatic Complexity   8
    Maintainability (MI)    144

 Segment     Used  Free
-----------  ----  ----
00000-00003     4  0  
00004-007FF  1452  592  
00800-00FFF     0  2048  
01000-017FF     0  2048  
01800-01FFF     0  2048  



